<?xml version="1.0" encoding="UTF-8"?>
<!-- Generated by org.testng.reporters.JUnitReportReporter -->
<testsuite skipped="0" hostname="IN-PPM1877A" name="AdminModule.Smatweb.CreateUserTest" tests="1" failures="0" timestamp="2022-03-11T00:00:00 IST" time="60.852" errors="0">
  <testcase name="CreateUser" time="60.852" classname="AdminModule.Smatweb.CreateUserTest"/>
  <system-out/>
</testsuite> <!-- AdminModule.Smatweb.CreateUserTest -->
