<?xml version="1.0" encoding="UTF-8"?>
<!-- Generated by org.testng.reporters.JUnitReportReporter -->
<testsuite skipped="0" hostname="IN-PPM1877A" name="AdminModule.Smatweb.testcrproject" tests="1" failures="0" timestamp="2022-03-11T14:41:14 IST" time="82.588" errors="0">
  <testcase name="CreateProject" time="82.588" classname="AdminModule.Smatweb.testcrproject"/>
  <system-out/>
</testsuite> <!-- AdminModule.Smatweb.testcrproject -->
